2025-08-09T18:50:18.980+05:30  INFO 65751 --- [main] c.a.S.SpringbootApplication              : Starting SpringbootApplication using Java 21.0.3 with PID 65751 (/home/nambisv/Documents/Personal/SpringbootApplication/Backend/target/classes started by nambisv in /home/nambisv/Documents/Personal/SpringbootApplication)
2025-08-09T18:50:18.984+05:30  INFO 65751 --- [main] c.a.S.SpringbootApplication              : No active profile set, falling back to 1 default profile: "default"
2025-08-09T18:50:20.578+05:30  INFO 65751 --- [main] o.s.b.w.embedded.tomcat.TomcatWebServer  : Tomcat initialized with port(s): 8080 (http)
2025-08-09T18:50:20.602+05:30  INFO 65751 --- [main] o.apache.catalina.core.StandardService   : Starting service [Tomcat]
2025-08-09T18:50:20.603+05:30  INFO 65751 --- [main] o.apache.catalina.core.StandardEngine    : Starting Servlet engine: [Apache Tomcat/10.1.13]
2025-08-09T18:50:20.714+05:30  INFO 65751 --- [main] o.a.c.c.C.[Tomcat].[localhost].[/]       : Initializing Spring embedded WebApplicationContext
2025-08-09T18:50:20.715+05:30  INFO 65751 --- [main] w.s.c.ServletWebServerApplicationContext : Root WebApplicationContext: initialization completed in 1648 ms
2025-08-09T18:50:21.183+05:30  INFO 65751 --- [main] o.s.b.w.embedded.tomcat.TomcatWebServer  : Tomcat started on port(s): 8080 (http) with context path ''
2025-08-09T18:50:21.197+05:30  INFO 65751 --- [main] c.a.S.SpringbootApplication              : Started SpringbootApplication in 2.735 seconds (process running for 3.021)
2025-08-09T18:51:00.994+05:30  INFO 65751 --- [http-nio-8080-exec-1] o.a.c.c.C.[Tomcat].[localhost].[/]       : Initializing Spring DispatcherServlet 'dispatcherServlet'
2025-08-09T18:51:00.995+05:30  INFO 65751 --- [http-nio-8080-exec-1] o.s.web.servlet.DispatcherServlet        : Initializing Servlet 'dispatcherServlet'
2025-08-09T18:51:00.998+05:30  INFO 65751 --- [http-nio-8080-exec-1] o.s.web.servlet.DispatcherServlet        : Completed initialization in 3 ms
2025-08-09T18:51:01.015+05:30  INFO 65751 --- [http-nio-8080-exec-1] c.a.S.Controllers.TestController         : Test API invoked
2025-08-09T20:12:22.447+05:30  INFO 78484 --- [main] c.a.S.SpringbootApplication              : Starting SpringbootApplication using Java 21.0.3 with PID 78484 (/home/nambisv/Documents/Personal/SpringbootApplication/Backend/target/classes started by nambisv in /home/nambisv/Documents/Personal/SpringbootApplication)
2025-08-09T20:12:22.449+05:30  INFO 78484 --- [main] c.a.S.SpringbootApplication              : No active profile set, falling back to 1 default profile: "default"
2025-08-09T20:12:22.941+05:30  INFO 78484 --- [main] .s.d.r.c.RepositoryConfigurationDelegate : Bootstrapping Spring Data JPA repositories in DEFAULT mode.
2025-08-09T20:12:22.983+05:30  INFO 78484 --- [main] .s.d.r.c.RepositoryConfigurationDelegate : Finished Spring Data repository scanning in 35 ms. Found 1 JPA repository interfaces.
2025-08-09T20:12:23.434+05:30  INFO 78484 --- [main] o.s.b.w.embedded.tomcat.TomcatWebServer  : Tomcat initialized with port(s): 8080 (http)
2025-08-09T20:12:23.442+05:30  INFO 78484 --- [main] o.apache.catalina.core.StandardService   : Starting service [Tomcat]
2025-08-09T20:12:23.442+05:30  INFO 78484 --- [main] o.apache.catalina.core.StandardEngine    : Starting Servlet engine: [Apache Tomcat/10.1.13]
2025-08-09T20:12:23.500+05:30  INFO 78484 --- [main] o.a.c.c.C.[Tomcat].[localhost].[/]       : Initializing Spring embedded WebApplicationContext
2025-08-09T20:12:23.500+05:30  INFO 78484 --- [main] w.s.c.ServletWebServerApplicationContext : Root WebApplicationContext: initialization completed in 1014 ms
2025-08-09T20:12:23.607+05:30  INFO 78484 --- [main] com.zaxxer.hikari.HikariDataSource       : HikariPool-1 - Starting...
2025-08-09T20:12:23.756+05:30  INFO 78484 --- [main] com.zaxxer.hikari.pool.HikariPool        : HikariPool-1 - Added connection org.postgresql.jdbc.PgConnection@57ddd45b
2025-08-09T20:12:23.757+05:30  INFO 78484 --- [main] com.zaxxer.hikari.HikariDataSource       : HikariPool-1 - Start completed.
2025-08-09T20:12:23.796+05:30  INFO 78484 --- [main] o.hibernate.jpa.internal.util.LogHelper  : HHH000204: Processing PersistenceUnitInfo [name: default]
2025-08-09T20:12:23.832+05:30  INFO 78484 --- [main] org.hibernate.Version                    : HHH000412: Hibernate ORM core version 6.2.9.Final
2025-08-09T20:12:23.834+05:30  INFO 78484 --- [main] org.hibernate.cfg.Environment            : HHH000406: Using bytecode reflection optimizer
2025-08-09T20:12:23.937+05:30  INFO 78484 --- [main] o.h.b.i.BytecodeProviderInitiator        : HHH000021: Bytecode provider name : bytebuddy
2025-08-09T20:12:24.072+05:30  INFO 78484 --- [main] o.s.o.j.p.SpringPersistenceUnitInfo      : No LoadTimeWeaver setup: ignoring JPA class transformer
2025-08-09T20:12:24.240+05:30  INFO 78484 --- [main] o.h.b.i.BytecodeProviderInitiator        : HHH000021: Bytecode provider name : bytebuddy
2025-08-09T20:12:24.648+05:30  INFO 78484 --- [main] o.h.e.t.j.p.i.JtaPlatformInitiator       : HHH000490: Using JtaPlatform implementation: [org.hibernate.engine.transaction.jta.platform.internal.NoJtaPlatform]
2025-08-09T20:12:24.650+05:30  INFO 78484 --- [main] j.LocalContainerEntityManagerFactoryBean : Initialized JPA EntityManagerFactory for persistence unit 'default'
2025-08-09T20:12:24.686+05:30  WARN 78484 --- [main] JpaBaseConfiguration$JpaWebConfiguration : spring.jpa.open-in-view is enabled by default. Therefore, database queries may be performed during view rendering. Explicitly configure spring.jpa.open-in-view to disable this warning
2025-08-09T20:12:24.700+05:30  WARN 78484 --- [main] .s.s.UserDetailsServiceAutoConfiguration : 

Using generated security password: a387d426-634e-4f1a-893d-6a1972eec277

This generated password is for development use only. Your security configuration must be updated before running your application in production.

2025-08-09T20:12:24.766+05:30  INFO 78484 --- [main] o.s.s.web.DefaultSecurityFilterChain     : Will secure any request with [org.springframework.security.web.session.DisableEncodeUrlFilter@687fd6e, org.springframework.security.web.context.request.async.WebAsyncManagerIntegrationFilter@266a47fd, org.springframework.security.web.context.SecurityContextHolderFilter@310f8a05, org.springframework.security.web.header.HeaderWriterFilter@67a3394c, org.springframework.security.web.csrf.CsrfFilter@7455204c, org.springframework.security.web.authentication.logout.LogoutFilter@2212e291, org.springframework.security.web.authentication.UsernamePasswordAuthenticationFilter@5342032a, org.springframework.security.web.authentication.ui.DefaultLoginPageGeneratingFilter@27b7204, org.springframework.security.web.authentication.ui.DefaultLogoutPageGeneratingFilter@a93c798, org.springframework.security.web.authentication.www.BasicAuthenticationFilter@22f057b4, org.springframework.security.web.savedrequest.RequestCacheAwareFilter@5cb6abc8, org.springframework.security.web.servletapi.SecurityContextHolderAwareRequestFilter@e04b8a0, org.springframework.security.web.authentication.AnonymousAuthenticationFilter@20a9fb01, org.springframework.security.web.access.ExceptionTranslationFilter@1eb52131, org.springframework.security.web.access.intercept.AuthorizationFilter@5ba36c83]
2025-08-09T20:12:25.170+05:30  INFO 78484 --- [main] o.s.b.w.embedded.tomcat.TomcatWebServer  : Tomcat started on port(s): 8080 (http) with context path ''
2025-08-09T20:12:25.176+05:30  INFO 78484 --- [main] c.a.S.SpringbootApplication              : Started SpringbootApplication in 3.123 seconds (process running for 3.502)
2025-08-09T20:15:02.686+05:30  INFO 78484 --- [SpringApplicationShutdownHook] j.LocalContainerEntityManagerFactoryBean : Closing JPA EntityManagerFactory for persistence unit 'default'
2025-08-09T20:15:02.688+05:30  INFO 78484 --- [SpringApplicationShutdownHook] com.zaxxer.hikari.HikariDataSource       : HikariPool-1 - Shutdown initiated...
2025-08-09T20:15:02.692+05:30  INFO 78484 --- [SpringApplicationShutdownHook] com.zaxxer.hikari.HikariDataSource       : HikariPool-1 - Shutdown completed.
2025-08-09T20:15:06.077+05:30  INFO 78855 --- [main] c.a.S.SpringbootApplication              : Starting SpringbootApplication using Java 21.0.3 with PID 78855 (/home/nambisv/Documents/Personal/SpringbootApplication/Backend/target/classes started by nambisv in /home/nambisv/Documents/Personal/SpringbootApplication)
2025-08-09T20:15:06.080+05:30  INFO 78855 --- [main] c.a.S.SpringbootApplication              : No active profile set, falling back to 1 default profile: "default"
2025-08-09T20:15:06.691+05:30  INFO 78855 --- [main] .s.d.r.c.RepositoryConfigurationDelegate : Bootstrapping Spring Data JPA repositories in DEFAULT mode.
2025-08-09T20:15:06.737+05:30  INFO 78855 --- [main] .s.d.r.c.RepositoryConfigurationDelegate : Finished Spring Data repository scanning in 40 ms. Found 1 JPA repository interfaces.
2025-08-09T20:15:07.212+05:30  INFO 78855 --- [main] o.s.b.w.embedded.tomcat.TomcatWebServer  : Tomcat initialized with port(s): 8080 (http)
2025-08-09T20:15:07.223+05:30  INFO 78855 --- [main] o.apache.catalina.core.StandardService   : Starting service [Tomcat]
2025-08-09T20:15:07.223+05:30  INFO 78855 --- [main] o.apache.catalina.core.StandardEngine    : Starting Servlet engine: [Apache Tomcat/10.1.13]
2025-08-09T20:15:07.280+05:30  INFO 78855 --- [main] o.a.c.c.C.[Tomcat].[localhost].[/]       : Initializing Spring embedded WebApplicationContext
2025-08-09T20:15:07.281+05:30  INFO 78855 --- [main] w.s.c.ServletWebServerApplicationContext : Root WebApplicationContext: initialization completed in 1159 ms
2025-08-09T20:15:07.409+05:30  INFO 78855 --- [main] o.hibernate.jpa.internal.util.LogHelper  : HHH000204: Processing PersistenceUnitInfo [name: default]
2025-08-09T20:15:07.476+05:30  INFO 78855 --- [main] org.hibernate.Version                    : HHH000412: Hibernate ORM core version 6.2.9.Final
2025-08-09T20:15:07.479+05:30  INFO 78855 --- [main] org.hibernate.cfg.Environment            : HHH000406: Using bytecode reflection optimizer
2025-08-09T20:15:07.567+05:30  INFO 78855 --- [main] o.h.b.i.BytecodeProviderInitiator        : HHH000021: Bytecode provider name : bytebuddy
2025-08-09T20:15:07.650+05:30  INFO 78855 --- [main] o.s.o.j.p.SpringPersistenceUnitInfo      : No LoadTimeWeaver setup: ignoring JPA class transformer
2025-08-09T20:15:07.663+05:30  INFO 78855 --- [main] com.zaxxer.hikari.HikariDataSource       : HikariPool-1 - Starting...
2025-08-09T20:15:07.817+05:30  INFO 78855 --- [main] com.zaxxer.hikari.pool.HikariPool        : HikariPool-1 - Added connection org.postgresql.jdbc.PgConnection@463045fb
2025-08-09T20:15:07.818+05:30  INFO 78855 --- [main] com.zaxxer.hikari.HikariDataSource       : HikariPool-1 - Start completed.
2025-08-09T20:15:07.987+05:30  INFO 78855 --- [main] o.h.b.i.BytecodeProviderInitiator        : HHH000021: Bytecode provider name : bytebuddy
2025-08-09T20:15:08.455+05:30  INFO 78855 --- [main] o.h.e.t.j.p.i.JtaPlatformInitiator       : HHH000490: Using JtaPlatform implementation: [org.hibernate.engine.transaction.jta.platform.internal.NoJtaPlatform]
2025-08-09T20:15:08.511+05:30  INFO 78855 --- [main] j.LocalContainerEntityManagerFactoryBean : Initialized JPA EntityManagerFactory for persistence unit 'default'
2025-08-09T20:15:08.552+05:30  WARN 78855 --- [main] JpaBaseConfiguration$JpaWebConfiguration : spring.jpa.open-in-view is enabled by default. Therefore, database queries may be performed during view rendering. Explicitly configure spring.jpa.open-in-view to disable this warning
2025-08-09T20:15:08.568+05:30  WARN 78855 --- [main] .s.s.UserDetailsServiceAutoConfiguration : 

Using generated security password: 761a65c8-44ea-4c14-a40a-da5327d7582a

This generated password is for development use only. Your security configuration must be updated before running your application in production.

2025-08-09T20:15:08.644+05:30  INFO 78855 --- [main] o.s.s.web.DefaultSecurityFilterChain     : Will secure any request with [org.springframework.security.web.session.DisableEncodeUrlFilter@16c9e378, org.springframework.security.web.context.request.async.WebAsyncManagerIntegrationFilter@7d3815f7, org.springframework.security.web.context.SecurityContextHolderFilter@7bebad0d, org.springframework.security.web.header.HeaderWriterFilter@6e7f29d5, org.springframework.security.web.csrf.CsrfFilter@641bc9a8, org.springframework.security.web.authentication.logout.LogoutFilter@63ad5fe7, org.springframework.security.web.authentication.UsernamePasswordAuthenticationFilter@36d39655, org.springframework.security.web.authentication.ui.DefaultLoginPageGeneratingFilter@4cb773c5, org.springframework.security.web.authentication.ui.DefaultLogoutPageGeneratingFilter@b87ea8b, org.springframework.security.web.authentication.www.BasicAuthenticationFilter@126f2eb8, org.springframework.security.web.savedrequest.RequestCacheAwareFilter@6f27730b, org.springframework.security.web.servletapi.SecurityContextHolderAwareRequestFilter@44587c44, org.springframework.security.web.authentication.AnonymousAuthenticationFilter@c79780, org.springframework.security.web.access.ExceptionTranslationFilter@4f22fd5d, org.springframework.security.web.access.intercept.AuthorizationFilter@259aec72]
2025-08-09T20:15:09.111+05:30  INFO 78855 --- [main] o.s.b.w.embedded.tomcat.TomcatWebServer  : Tomcat started on port(s): 8080 (http) with context path ''
2025-08-09T20:15:09.119+05:30  INFO 78855 --- [main] c.a.S.SpringbootApplication              : Started SpringbootApplication in 3.44 seconds (process running for 3.789)
2025-08-09T20:17:18.123+05:30  INFO 78855 --- [SpringApplicationShutdownHook] j.LocalContainerEntityManagerFactoryBean : Closing JPA EntityManagerFactory for persistence unit 'default'
2025-08-09T20:17:18.125+05:30  INFO 78855 --- [SpringApplicationShutdownHook] com.zaxxer.hikari.HikariDataSource       : HikariPool-1 - Shutdown initiated...
2025-08-09T20:17:18.130+05:30  INFO 78855 --- [SpringApplicationShutdownHook] com.zaxxer.hikari.HikariDataSource       : HikariPool-1 - Shutdown completed.
2025-08-09T20:17:21.665+05:30  INFO 79261 --- [main] c.a.S.SpringbootApplication              : Starting SpringbootApplication using Java 21.0.3 with PID 79261 (/home/nambisv/Documents/Personal/SpringbootApplication/Backend/target/classes started by nambisv in /home/nambisv/Documents/Personal/SpringbootApplication)
2025-08-09T20:17:21.675+05:30  INFO 79261 --- [main] c.a.S.SpringbootApplication              : No active profile set, falling back to 1 default profile: "default"
2025-08-09T20:17:22.259+05:30  INFO 79261 --- [main] .s.d.r.c.RepositoryConfigurationDelegate : Bootstrapping Spring Data JPA repositories in DEFAULT mode.
2025-08-09T20:17:22.299+05:30  INFO 79261 --- [main] .s.d.r.c.RepositoryConfigurationDelegate : Finished Spring Data repository scanning in 34 ms. Found 1 JPA repository interfaces.
2025-08-09T20:17:22.760+05:30  INFO 79261 --- [main] o.s.b.w.embedded.tomcat.TomcatWebServer  : Tomcat initialized with port(s): 8080 (http)
2025-08-09T20:17:22.769+05:30  INFO 79261 --- [main] o.apache.catalina.core.StandardService   : Starting service [Tomcat]
2025-08-09T20:17:22.770+05:30  INFO 79261 --- [main] o.apache.catalina.core.StandardEngine    : Starting Servlet engine: [Apache Tomcat/10.1.13]
2025-08-09T20:17:22.843+05:30  INFO 79261 --- [main] o.a.c.c.C.[Tomcat].[localhost].[/]       : Initializing Spring embedded WebApplicationContext
2025-08-09T20:17:22.843+05:30  INFO 79261 --- [main] w.s.c.ServletWebServerApplicationContext : Root WebApplicationContext: initialization completed in 1115 ms
2025-08-09T20:17:22.981+05:30  INFO 79261 --- [main] o.hibernate.jpa.internal.util.LogHelper  : HHH000204: Processing PersistenceUnitInfo [name: default]
2025-08-09T20:17:23.031+05:30  INFO 79261 --- [main] org.hibernate.Version                    : HHH000412: Hibernate ORM core version 6.2.9.Final
2025-08-09T20:17:23.034+05:30  INFO 79261 --- [main] org.hibernate.cfg.Environment            : HHH000406: Using bytecode reflection optimizer
2025-08-09T20:17:23.126+05:30  INFO 79261 --- [main] o.h.b.i.BytecodeProviderInitiator        : HHH000021: Bytecode provider name : bytebuddy
2025-08-09T20:17:23.235+05:30  INFO 79261 --- [main] o.s.o.j.p.SpringPersistenceUnitInfo      : No LoadTimeWeaver setup: ignoring JPA class transformer
2025-08-09T20:17:23.248+05:30  INFO 79261 --- [main] com.zaxxer.hikari.HikariDataSource       : HikariPool-1 - Starting...
2025-08-09T20:17:23.387+05:30  INFO 79261 --- [main] com.zaxxer.hikari.pool.HikariPool        : HikariPool-1 - Added connection org.postgresql.jdbc.PgConnection@463045fb
2025-08-09T20:17:23.389+05:30  INFO 79261 --- [main] com.zaxxer.hikari.HikariDataSource       : HikariPool-1 - Start completed.
2025-08-09T20:17:23.569+05:30  INFO 79261 --- [main] o.h.b.i.BytecodeProviderInitiator        : HHH000021: Bytecode provider name : bytebuddy
2025-08-09T20:17:24.008+05:30  INFO 79261 --- [main] o.h.e.t.j.p.i.JtaPlatformInitiator       : HHH000490: Using JtaPlatform implementation: [org.hibernate.engine.transaction.jta.platform.internal.NoJtaPlatform]
2025-08-09T20:17:24.048+05:30  INFO 79261 --- [main] j.LocalContainerEntityManagerFactoryBean : Initialized JPA EntityManagerFactory for persistence unit 'default'
2025-08-09T20:17:24.099+05:30  WARN 79261 --- [main] JpaBaseConfiguration$JpaWebConfiguration : spring.jpa.open-in-view is enabled by default. Therefore, database queries may be performed during view rendering. Explicitly configure spring.jpa.open-in-view to disable this warning
2025-08-09T20:17:24.118+05:30  WARN 79261 --- [main] .s.s.UserDetailsServiceAutoConfiguration : 

Using generated security password: b5b7a3e3-1ae2-410a-b69b-c11ea8923f8f

This generated password is for development use only. Your security configuration must be updated before running your application in production.

2025-08-09T20:17:24.195+05:30  INFO 79261 --- [main] o.s.s.web.DefaultSecurityFilterChain     : Will secure any request with [org.springframework.security.web.session.DisableEncodeUrlFilter@2a60981c, org.springframework.security.web.context.request.async.WebAsyncManagerIntegrationFilter@3f1fb139, org.springframework.security.web.context.SecurityContextHolderFilter@247dcbba, org.springframework.security.web.header.HeaderWriterFilter@4eb73cc8, org.springframework.security.web.csrf.CsrfFilter@612bb755, org.springframework.security.web.authentication.logout.LogoutFilter@6e7f29d5, org.springframework.security.web.authentication.UsernamePasswordAuthenticationFilter@618fb1, org.springframework.security.web.authentication.ui.DefaultLoginPageGeneratingFilter@1d40f597, org.springframework.security.web.authentication.ui.DefaultLogoutPageGeneratingFilter@7057dbda, org.springframework.security.web.authentication.www.BasicAuthenticationFilter@481bae3f, org.springframework.security.web.savedrequest.RequestCacheAwareFilter@20db19ff, org.springframework.security.web.servletapi.SecurityContextHolderAwareRequestFilter@602aeb87, org.springframework.security.web.authentication.AnonymousAuthenticationFilter@36349e29, org.springframework.security.web.access.ExceptionTranslationFilter@2651e783, org.springframework.security.web.access.intercept.AuthorizationFilter@44587c44]
2025-08-09T20:17:24.638+05:30  INFO 79261 --- [main] o.s.b.w.embedded.tomcat.TomcatWebServer  : Tomcat started on port(s): 8080 (http) with context path ''
2025-08-09T20:17:24.654+05:30  INFO 79261 --- [main] c.a.S.SpringbootApplication              : Started SpringbootApplication in 3.382 seconds (process running for 3.763)
2025-08-09T20:17:50.239+05:30  INFO 79261 --- [SpringApplicationShutdownHook] j.LocalContainerEntityManagerFactoryBean : Closing JPA EntityManagerFactory for persistence unit 'default'
2025-08-09T20:17:50.242+05:30  INFO 79261 --- [SpringApplicationShutdownHook] com.zaxxer.hikari.HikariDataSource       : HikariPool-1 - Shutdown initiated...
2025-08-09T20:17:50.249+05:30  INFO 79261 --- [SpringApplicationShutdownHook] com.zaxxer.hikari.HikariDataSource       : HikariPool-1 - Shutdown completed.
2025-08-09T20:17:51.890+05:30  INFO 79414 --- [main] c.a.S.SpringbootApplication              : Starting SpringbootApplication using Java 21.0.3 with PID 79414 (/home/nambisv/Documents/Personal/SpringbootApplication/Backend/target/classes started by nambisv in /home/nambisv/Documents/Personal/SpringbootApplication)
2025-08-09T20:17:51.892+05:30  INFO 79414 --- [main] c.a.S.SpringbootApplication              : No active profile set, falling back to 1 default profile: "default"
2025-08-09T20:17:52.624+05:30  INFO 79414 --- [main] .s.d.r.c.RepositoryConfigurationDelegate : Bootstrapping Spring Data JPA repositories in DEFAULT mode.
2025-08-09T20:17:52.683+05:30  INFO 79414 --- [main] .s.d.r.c.RepositoryConfigurationDelegate : Finished Spring Data repository scanning in 50 ms. Found 1 JPA repository interfaces.
2025-08-09T20:17:53.350+05:30  INFO 79414 --- [main] o.s.b.w.embedded.tomcat.TomcatWebServer  : Tomcat initialized with port(s): 8080 (http)
2025-08-09T20:17:53.363+05:30  INFO 79414 --- [main] o.apache.catalina.core.StandardService   : Starting service [Tomcat]
2025-08-09T20:17:53.364+05:30  INFO 79414 --- [main] o.apache.catalina.core.StandardEngine    : Starting Servlet engine: [Apache Tomcat/10.1.13]
2025-08-09T20:17:53.465+05:30  INFO 79414 --- [main] o.a.c.c.C.[Tomcat].[localhost].[/]       : Initializing Spring embedded WebApplicationContext
2025-08-09T20:17:53.467+05:30  INFO 79414 --- [main] w.s.c.ServletWebServerApplicationContext : Root WebApplicationContext: initialization completed in 1505 ms
2025-08-09T20:17:53.752+05:30  INFO 79414 --- [main] o.hibernate.jpa.internal.util.LogHelper  : HHH000204: Processing PersistenceUnitInfo [name: default]
2025-08-09T20:17:53.816+05:30  INFO 79414 --- [main] org.hibernate.Version                    : HHH000412: Hibernate ORM core version 6.2.9.Final
2025-08-09T20:17:53.819+05:30  INFO 79414 --- [main] org.hibernate.cfg.Environment            : HHH000406: Using bytecode reflection optimizer
2025-08-09T20:17:53.941+05:30  INFO 79414 --- [main] o.h.b.i.BytecodeProviderInitiator        : HHH000021: Bytecode provider name : bytebuddy
2025-08-09T20:17:54.065+05:30  INFO 79414 --- [main] o.s.o.j.p.SpringPersistenceUnitInfo      : No LoadTimeWeaver setup: ignoring JPA class transformer
2025-08-09T20:17:54.085+05:30  INFO 79414 --- [main] com.zaxxer.hikari.HikariDataSource       : HikariPool-1 - Starting...
2025-08-09T20:17:54.254+05:30  INFO 79414 --- [main] com.zaxxer.hikari.pool.HikariPool        : HikariPool-1 - Added connection org.postgresql.jdbc.PgConnection@463045fb
2025-08-09T20:17:54.256+05:30  INFO 79414 --- [main] com.zaxxer.hikari.HikariDataSource       : HikariPool-1 - Start completed.
2025-08-09T20:17:54.490+05:30  INFO 79414 --- [main] o.h.b.i.BytecodeProviderInitiator        : HHH000021: Bytecode provider name : bytebuddy
2025-08-09T20:17:54.929+05:30  INFO 79414 --- [main] o.h.e.t.j.p.i.JtaPlatformInitiator       : HHH000490: Using JtaPlatform implementation: [org.hibernate.engine.transaction.jta.platform.internal.NoJtaPlatform]
2025-08-09T20:17:54.965+05:30  INFO 79414 --- [main] j.LocalContainerEntityManagerFactoryBean : Initialized JPA EntityManagerFactory for persistence unit 'default'
2025-08-09T20:17:55.003+05:30  WARN 79414 --- [main] JpaBaseConfiguration$JpaWebConfiguration : spring.jpa.open-in-view is enabled by default. Therefore, database queries may be performed during view rendering. Explicitly configure spring.jpa.open-in-view to disable this warning
2025-08-09T20:17:55.018+05:30  WARN 79414 --- [main] .s.s.UserDetailsServiceAutoConfiguration : 

Using generated security password: 6cc4cb92-2c9d-4148-a008-67f9e1a55f77

This generated password is for development use only. Your security configuration must be updated before running your application in production.

2025-08-09T20:17:55.077+05:30  INFO 79414 --- [main] o.s.s.web.DefaultSecurityFilterChain     : Will secure any request with [org.springframework.security.web.session.DisableEncodeUrlFilter@4c114687, org.springframework.security.web.context.request.async.WebAsyncManagerIntegrationFilter@2a60981c, org.springframework.security.web.context.SecurityContextHolderFilter@47e725af, org.springframework.security.web.header.HeaderWriterFilter@7682bf66, org.springframework.security.web.csrf.CsrfFilter@169d4aba, org.springframework.security.web.authentication.logout.LogoutFilter@26d445e9, org.springframework.security.web.authentication.UsernamePasswordAuthenticationFilter@44587c44, org.springframework.security.web.authentication.ui.DefaultLoginPageGeneratingFilter@641bc9a8, org.springframework.security.web.authentication.ui.DefaultLogoutPageGeneratingFilter@3f1fb139, org.springframework.security.web.authentication.www.BasicAuthenticationFilter@6ad198c9, org.springframework.security.web.savedrequest.RequestCacheAwareFilter@535be281, org.springframework.security.web.servletapi.SecurityContextHolderAwareRequestFilter@18c60d81, org.springframework.security.web.authentication.AnonymousAuthenticationFilter@7057dbda, org.springframework.security.web.access.ExceptionTranslationFilter@6de9bba2, org.springframework.security.web.access.intercept.AuthorizationFilter@10b3ea72]
2025-08-09T20:17:55.538+05:30  INFO 79414 --- [main] o.s.b.w.embedded.tomcat.TomcatWebServer  : Tomcat started on port(s): 8080 (http) with context path ''
2025-08-09T20:17:55.556+05:30  INFO 79414 --- [main] c.a.S.SpringbootApplication              : Started SpringbootApplication in 4.164 seconds (process running for 4.503)
